<?xml version="1.0" encoding="utf-8"?><testsuites name="pytest tests"><testsuite name="pytest" errors="0" failures="0" skipped="0" tests="164" time="1.169" timestamp="2026-06-29T18:07:57.540509+00:00" hostname="agent-env-daed3464-0393-4fc4-b608-ea7185407e16"><testcase classname="backend.tests.test_pwa_wallet_segmentation.TestB2BWallet" name="test_b2b_allowed_amounts_constant" time="0.001" /><testcase classname="backend.tests.test_pwa_wallet_segmentation.TestB2BWallet" name="test_b2b_render_uses_allowed_filter" time="0.000" /><testcase classname="backend.tests.test_pwa_wallet_segmentation.TestB2BWallet" name="test_b2b_topup_guard" time="0.000" /><testcase classname="backend.tests.test_pwa_wallet_segmentation.TestB2BWallet" name="test_b2b_route_wrapping_only_for_wallet" time="0.000" /><testcase classname="backend.tests.test_pwa_wallet_segmentation.TestB2BWallet" name="test_b2b_storage_field_only_wallet_balance" time="0.000" /><testcase classname="backend.tests.test_pwa_wallet_segmentation.TestB2BWallet" name="test_b2b_header_eyebrow" time="0.000" /><testcase classname="backend.tests.test_pwa_wallet_segmentation.TestB2BWallet" name="test_b2b_section_title" time="0.000" /><testcase classname="backend.tests.test_pwa_wallet_segmentation.TestB2BWallet" name="test_b2b_shopify_variant_ids" time="0.000" /><testcase classname="backend.tests.test_pwa_wallet_segmentation.TestB2CWallet" name="test_b2c_allowed_amounts_constant" time="0.000" /><testcase classname="backend.tests.test_pwa_wallet_segmentation.TestB2CWallet" name="test_b2c_render_uses_allowed_filter" time="0.000" /><testcase classname="backend.tests.test_pwa_wallet_segmentation.TestB2CWallet" name="test_b2c_topup_guard" time="0.000" /><testcase classname="backend.tests.test_pwa_wallet_segmentation.TestB2CWallet" name="test_b2c_route_wrapping_only_for_b2c_wallet" time="0.000" /><testcase classname="backend.tests.test_pwa_wallet_segmentation.TestB2CWallet" name="test_b2c_storage_field_only_b2c_wallet_balance" time="0.000" /><testcase classname="backend.tests.test_pwa_wallet_segmentation.TestB2CWallet" name="test_b2c_header_eyebrow" time="0.000" /><testcase classname="backend.tests.test_pwa_wallet_segmentation.TestB2CWallet" name="test_b2c_section_title" time="0.000" /><testcase classname="backend.tests.test_pwa_wallet_segmentation.TestB2CWallet" name="test_b2c_shopify_variant_ids" time="0.000" /><testcase classname="backend.tests.test_pwa_wallet_segmentation.TestIsolation" name="test_file_exists" time="0.000" /><testcase classname="backend.tests.test_pwa_wallet_segmentation.TestIsolation" name="test_exports_and_constants" time="0.000" /><testcase classname="backend.tests.test_pwa_wallet_segmentation.TestIsolation" name="test_wraps_three_targets" time="0.000" /><testcase classname="backend.tests.test_pwa_wallet_segmentation.TestRouteSafety" name="test_known_routes_whitelist" time="0.001" /><testcase classname="backend.tests.test_pwa_wallet_segmentation.TestOnboarding" name="test_wallet_step_routes_to_b2b_wallet" time="0.000" /><testcase classname="backend.tests.test_pwa_wallet_segmentation.TestCacheVersion" name="test_index_html_bumped" time="0.000" /><testcase classname="backend.tests.test_pwa_wallet_segmentation.TestCacheVersion" name="test_sw_version" time="0.000" /><testcase classname="backend.tests.test_pwa_wallet_segmentation.TestDeployZip" name="test_zip_exists_and_size" time="0.000" /><testcase classname="backend.tests.test_pwa_wallet_segmentation.TestDeployZip" name="test_zip_contains_v60_1_160_sw" time="0.001" /><testcase classname="backend.tests.test_pwa_wallet_segmentation.TestDeployZip" name="test_zip_contains_b2b_allowed_amounts" time="0.001" /><testcase classname="backend.tests.test_pwa_wallet_segmentation.TestDeployZip" name="test_zip_contains_b2c_allowed_amounts" time="0.001" /><testcase classname="backend.tests.test_pwa_wallet_segmentation.TestDownloadEndpoint" name="test_download_zip_ok" time="0.322" /><testcase classname="backend.tests.test_pwa_wallet_segmentation.TestDownloadEndpoint" name="test_invalid_filename_returns_400[..hidden.zip]" time="0.046" /><testcase classname="backend.tests.test_pwa_wallet_segmentation.TestDownloadEndpoint" name="test_invalid_filename_returns_400[....zip]" time="0.050" /><testcase classname="backend.tests.test_pwa_wallet_segmentation.TestDownloadEndpoint" name="test_invalid_filename_returns_400[test.exe]" time="0.046" /><testcase classname="backend.tests.test_pwa_wallet_segmentation.TestDownloadEndpoint" name="test_invalid_filename_returns_400[no_extension]" time="0.047" /><testcase classname="backend.tests.test_pwa_wallet_segmentation.TestDownloadEndpoint" name="test_path_traversal_blocked[../etc/passwd]" time="0.049" /><testcase classname="backend.tests.test_pwa_wallet_segmentation.TestDownloadEndpoint" name="test_path_traversal_blocked[./../server.py]" time="0.048" /><testcase classname="backend.tests.test_pwa_wallet_segmentation.TestDownloadEndpoint" name="test_path_traversal_blocked[foo/bar.zip]" time="0.046" /><testcase classname="backend.tests.test_pwa_wallet_segmentation.TestComingSoonInterceptRestored" name="test_b2b_topup_calls_coming_soon_with_b2b_source" time="0.000" /><testcase classname="backend.tests.test_pwa_wallet_segmentation.TestComingSoonInterceptRestored" name="test_b2c_topup_calls_coming_soon_with_b2c_source" time="0.000" /><testcase classname="backend.tests.test_pwa_wallet_segmentation.TestComingSoonInterceptRestored" name="test_b2b_version_bumped_to_1_8_0" time="0.000" /><testcase classname="backend.tests.test_pwa_wallet_segmentation.TestComingSoonInterceptRestored" name="test_b2c_version_bumped_to_1_3_0" time="0.000" /><testcase classname="backend.tests.test_pwa_wallet_segmentation.TestComingSoonInterceptRestored" name="test_comingsoon_module_version_1_1_0" time="0.000" /><testcase classname="backend.tests.test_pwa_wallet_segmentation.TestComingSoonInterceptRestored" name="test_comingsoon_eyebrow_b2b_present" time="0.000" /><testcase classname="backend.tests.test_pwa_wallet_segmentation.TestComingSoonInterceptRestored" name="test_comingsoon_eyebrow_b2c_present" time="0.000" /><testcase classname="backend.tests.test_pwa_wallet_segmentation.TestComingSoonInterceptRestored" name="test_comingsoon_message_text_updated" time="0.000" /><testcase classname="backend.tests.test_pwa_wallet_segmentation.TestComingSoonInterceptRestored" name="test_b2b_shopify_fallback_still_present" time="0.000" /><testcase classname="backend.tests.test_pwa_wallet_segmentation.TestComingSoonInterceptRestored" name="test_b2c_shopify_fallback_still_present" time="0.000" /><testcase classname="backend.tests.test_pwa_wallet_segmentation.TestComingSoonInterceptRestored" name="test_only_three_allowed_callers_of_coming_soon_show" time="0.020" /><testcase classname="backend.tests.test_pwa_wallet_segmentation.TestComingSoonInterceptRestored" name="test_zip_b2b_wallet_has_intercept" time="0.001" /><testcase classname="backend.tests.test_pwa_wallet_segmentation.TestComingSoonInterceptRestored" name="test_zip_b2c_wallet_has_intercept" time="0.001" /><testcase classname="backend.tests.test_pwa_wallet_segmentation.TestComingSoonInterceptRestored" name="test_zip_comingsoon_module_has_eyebrow" time="0.001" /><testcase classname="backend.tests.test_pwa_wallet_segmentation.TestMerkenCampagneLayout" name="test_b2b_opwaarderen_hero_present" time="0.000" /><testcase classname="backend.tests.test_pwa_wallet_segmentation.TestMerkenCampagneLayout" name="test_b2b_opwaarderen_hero_h2_literal" time="0.000" /><testcase classname="backend.tests.test_pwa_wallet_segmentation.TestMerkenCampagneLayout" name="test_b2b_opwaarderen_eyebrow_voor_merken" time="0.000" /><testcase classname="backend.tests.test_pwa_wallet_segmentation.TestMerkenCampagneLayout" name="test_b2b_opwaarderen_intro_text" time="0.000" /><testcase classname="backend.tests.test_pwa_wallet_segmentation.TestMerkenCampagneLayout" name="test_b2b_pkg_grid_present" time="0.000" /><testcase classname="backend.tests.test_pwa_wallet_segmentation.TestMerkenCampagneLayout" name="test_b2b_cta_text_is_opwaarderen_not_wallet_opwaarderen" time="0.000" /><testcase classname="backend.tests.test_pwa_wallet_segmentation.TestMerkenCampagneLayout" name="test_old_section_title_removed" time="0.000" /><testcase classname="backend.tests.test_pwa_wallet_segmentation.TestMerkenCampagneLayout" name="test_b2b_packages_default_match_screenshot" time="0.000" /><testcase classname="backend.tests.test_pwa_wallet_segmentation.TestMerkenCampagneLayout" name="test_only_groei_has_popular_true" time="0.000" /><testcase classname="backend.tests.test_pwa_wallet_segmentation.TestMerkenCampagneLayout" name="test_topup_data_testids_per_card" time="0.000" /><testcase classname="backend.tests.test_pwa_wallet_segmentation.TestMerkenCampagneLayout" name="test_top_level_saldo_hero_preserved" time="0.000" /><testcase classname="backend.tests.test_pwa_wallet_segmentation.TestMerkenCampagneLayout" name="test_zip_b2b_wallet_contains_new_hero" time="0.001" /><testcase classname="backend.tests.test_pwa_wallet_segmentation.TestMerkenCampagneLayout" name="test_zip_b2b_wallet_version_1_8_0" time="0.001" /><testcase classname="backend.tests.test_pwa_wallet_segmentation.TestMerkenLandingUnchanged" name="test_landing_file_exists" time="0.000" /><testcase classname="backend.tests.test_pwa_wallet_segmentation.TestMerkenLandingUnchanged" name="test_landing_cta_logged_in_and_out" time="0.000" /><testcase classname="backend.tests.test_pwa_wallet_segmentation.TestAmountSegregationStillIntact" name="test_b2b_no_5_10_15_keys_in_allowed_amounts" time="0.000" /><testcase classname="backend.tests.test_pwa_wallet_segmentation.TestAmountSegregationStillIntact" name="test_b2b_render_filter_still_present" time="0.000" /><testcase classname="backend.tests.test_pwa_wallet_segmentation.TestBrandDashWalletCardHardened" name="test_uses_button_element" time="0.000" /><testcase classname="backend.tests.test_pwa_wallet_segmentation.TestBrandDashWalletCardHardened" name="test_inline_onclick_attribute" time="0.000" /><testcase classname="backend.tests.test_pwa_wallet_segmentation.TestBrandDashWalletCardHardened" name="test_inline_onclick_contains_navigeer_wallet" time="0.000" /><testcase classname="backend.tests.test_pwa_wallet_segmentation.TestBrandDashWalletCardHardened" name="test_inline_onclick_clears_render_lock" time="0.000" /><testcase classname="backend.tests.test_pwa_wallet_segmentation.TestBrandDashWalletCardHardened" name="test_old_anchor_pattern_gone" time="0.000" /><testcase classname="backend.tests.test_pwa_wallet_segmentation.TestBrandDashWalletCardHardened" name="test_setup_wallet_click_delegator_defined_and_called" time="0.000" /><testcase classname="backend.tests.test_pwa_wallet_segmentation.TestBrandDashWalletCardHardened" name="test_delegator_uses_capture_phase" time="0.000" /><testcase classname="backend.tests.test_pwa_wallet_segmentation.TestBrandDashWalletCardHardened" name="test_delegator_targets_brand_dash_wallet" time="0.000" /><testcase classname="backend.tests.test_pwa_wallet_segmentation.TestBrandDashWalletCardHardened" name="test_delegator_idempotency_guard" time="0.000" /><testcase classname="backend.tests.test_pwa_wallet_segmentation.TestBrandDashWalletCardHardened" name="test_card_inner_dom_contract" time="0.000" /><testcase classname="backend.tests.test_pwa_wallet_segmentation.TestBrandDashWalletCardHardened" name="test_zip_contains_button_injection_and_delegator" time="0.001" /><testcase classname="backend.tests.test_pwa_wallet_segmentation.TestBrandDashWalletCardHardened" name="test_b2c_wallet_does_not_inject_brand_dash_card" time="0.000" /><testcase classname="backend.tests.test_pwa_wallet_segmentation.TestDirectRenderBypassOpenWallet" name="test_openwallet_function_exists" time="0.000" /><testcase classname="backend.tests.test_pwa_wallet_segmentation.TestDirectRenderBypassOpenWallet" name="test_openwallet_exported_on_pp_wallet" time="0.000" /><testcase classname="backend.tests.test_pwa_wallet_segmentation.TestDirectRenderBypassOpenWallet" name="test_openwallet_body_direct_render" time="0.000" /><testcase classname="backend.tests.test_pwa_wallet_segmentation.TestDirectRenderBypassOpenWallet" name="test_openwallet_has_navigeer_fallback" time="0.000" /><testcase classname="backend.tests.test_pwa_wallet_segmentation.TestDirectRenderBypassOpenWallet" name="test_openwallet_does_not_call_toonpagina" time="0.000" /><testcase classname="backend.tests.test_pwa_wallet_segmentation.TestDirectRenderBypassOpenWallet" name="test_openwallet_does_not_touch_b2c_state" time="0.000" /><testcase classname="backend.tests.test_pwa_wallet_segmentation.TestDirectRenderBypassOpenWallet" name="test_inline_onclick_calls_openwallet" time="0.000" /><testcase classname="backend.tests.test_pwa_wallet_segmentation.TestDirectRenderBypassOpenWallet" name="test_delegator_now_prevents_default" time="0.000" /><testcase classname="backend.tests.test_pwa_wallet_segmentation.TestDirectRenderBypassOpenWallet" name="test_delegator_calls_openwallet" time="0.000" /><testcase classname="backend.tests.test_pwa_wallet_segmentation.TestDirectRenderBypassOpenWallet" name="test_renderwallet_idempotent_shape" time="0.000" /><testcase classname="backend.tests.test_pwa_wallet_segmentation.TestDirectRenderBypassOpenWallet" name="test_zip_contains_openwallet" time="0.001" /><testcase classname="backend.tests.test_pwa_wallet_segmentation.TestDirectRenderBypassOpenWallet" name="test_b2c_wallet_has_no_openwallet" time="0.000" /><testcase classname="backend.tests.test_pwa_wallet_segmentation.TestDirectRenderBypassOpenWallet" name="test_only_pp_wallet_cache_bumped_to_159" time="0.000" /><testcase classname="backend.tests.test_pwa_wallet_segmentation.TestUitgelichtProductImageRatio" name="test_aspect_ratio_3_4_exactly_once" time="0.000" /><testcase classname="backend.tests.test_pwa_wallet_segmentation.TestUitgelichtProductImageRatio" name="test_no_legacy_aspect_ratio_1_1" time="0.000" /><testcase classname="backend.tests.test_pwa_wallet_segmentation.TestUitgelichtProductImageRatio" name="test_object_fit_contain_exactly_once" time="0.000" /><testcase classname="backend.tests.test_pwa_wallet_segmentation.TestUitgelichtProductImageRatio" name="test_no_legacy_object_fit_cover" time="0.000" /><testcase classname="backend.tests.test_pwa_wallet_segmentation.TestUitgelichtProductImageRatio" name="test_container_css_full_contract" time="0.000" /><testcase classname="backend.tests.test_pwa_wallet_segmentation.TestUitgelichtProductImageRatio" name="test_img_css_contract" time="0.000" /><testcase classname="backend.tests.test_pwa_wallet_segmentation.TestUitgelichtProductImageRatio" name="test_index_html_carries_new_cache_version" time="0.000" /><testcase classname="backend.tests.test_pwa_wallet_segmentation.TestUitgelichtProductImageRatio" name="test_paint_product_html_dom_structure_unchanged" time="0.000" /><testcase classname="backend.tests.test_pwa_wallet_segmentation.TestUitgelichtProductImageRatio" name="test_zip_contains_v60_1_160_feedtabs_css" time="0.001" /><testcase classname="backend.tests.test_pwa_wallet_segmentation.TestOnboardingChecklistWalletBypass" name="test_onboarding_module_version_bumped" time="0.000" /><testcase classname="backend.tests.test_pwa_wallet_segmentation.TestOnboardingChecklistWalletBypass" name="test_wallet_step_uses_pp_wallet_openwallet_bypass" time="0.000" /><testcase classname="backend.tests.test_pwa_wallet_segmentation.TestOnboardingChecklistWalletBypass" name="test_wallet_step_falls_back_to_dy_navigeer" time="0.000" /><testcase classname="backend.tests.test_pwa_wallet_segmentation.TestOnboardingChecklistWalletBypass" name="test_wallet_step_clears_render_lock" time="0.000" /><testcase classname="backend.tests.test_pwa_wallet_segmentation.TestOnboardingChecklistWalletBypass" name="test_other_onboarding_steps_unchanged" time="0.001" /><testcase classname="backend.tests.test_pwa_wallet_segmentation.TestOnboardingChecklistWalletBypass" name="test_index_html_cache_bust" time="0.000" /><testcase classname="backend.tests.test_pwa_wallet_segmentation.TestOnboardingChecklistWalletBypass" name="test_pp_wallet_openwallet_still_exported" time="0.000" /><testcase classname="backend.tests.test_pwa_wallet_segmentation.TestOnboardingChecklistWalletBypass" name="test_b2c_wallet_unchanged_no_onboarding_injection" time="0.000" /><testcase classname="backend.tests.test_pwa_wallet_segmentation.TestOnboardingChecklistWalletBypass" name="test_zip_onboarding_checklist_contains_openwallet" time="0.001" /><testcase classname="backend.tests.test_pwa_wallet_segmentation.TestOnboardingChecklistWalletBypass" name="test_zip_index_html_cache_bust" time="0.001" /><testcase classname="backend.tests.test_pwa_wallet_segmentation.TestOnboardingChecklistWalletBypass" name="test_zip_md5_matches_expected" time="0.009" /><testcase classname="backend.tests.test_pwa_wallet_segmentation.TestUitgelichtNoDateFilter" name="test_no_start_datum_to_millis_in_paint_uitgelicht" time="0.001" /><testcase classname="backend.tests.test_pwa_wallet_segmentation.TestUitgelichtNoDateFilter" name="test_no_eind_datum_to_millis_in_paint_uitgelicht" time="0.001" /><testcase classname="backend.tests.test_pwa_wallet_segmentation.TestUitgelichtNoDateFilter" name="test_filter_is_only_status_live" time="0.001" /><testcase classname="backend.tests.test_pwa_wallet_segmentation.TestUitgelichtNoDateFilter" name="test_diagnostic_console_log_present" time="0.000" /><testcase classname="backend.tests.test_pwa_wallet_segmentation.TestUitgelichtNoDateFilter" name="test_firestore_query_unchanged" time="0.000" /><testcase classname="backend.tests.test_pwa_wallet_segmentation.TestUitgelichtNoDateFilter" name="test_cache_bust_in_index_html" time="0.000" /><testcase classname="backend.tests.test_pwa_wallet_segmentation.TestUitgelichtNoDateFilter" name="test_sw_version_bumped" time="0.000" /><testcase classname="backend.tests.test_pwa_wallet_segmentation.TestUitgelichtNoDateFilter" name="test_zip_no_to_millis_in_paint_uitgelicht" time="0.001" /><testcase classname="backend.tests.test_pwa_wallet_segmentation.TestUitgelichtNoDateFilter" name="test_zip_pp_feedtabs_contains_v60_1_162" time="0.001" /><testcase classname="backend.tests.test_pwa_wallet_segmentation.TestV60_162Regression" name="test_v60_160_product_image_aspect_ratio_intact" time="0.000" /><testcase classname="backend.tests.test_pwa_wallet_segmentation.TestV60_162Regression" name="test_v60_161_onboarding_wallet_bypass_intact" time="0.000" /><testcase classname="backend.tests.test_pwa_wallet_segmentation.TestV60_162Regression" name="test_product_flow_unchanged" time="0.000" /><testcase classname="backend.tests.test_pwa_wallet_segmentation.TestBrandProdImgFix" name="test_brand_prod_img_fix_css_exists" time="0.000" /><testcase classname="backend.tests.test_pwa_wallet_segmentation.TestBrandProdImgFix" name="test_brand_prod_img_aspect_ratio_3_4" time="0.000" /><testcase classname="backend.tests.test_pwa_wallet_segmentation.TestBrandProdImgFix" name="test_brand_prod_img_inner_img_object_fit_contain" time="0.000" /><testcase classname="backend.tests.test_pwa_wallet_segmentation.TestBrandProdImgFix" name="test_index_html_links_brand_prod_img_fix_css" time="0.000" /><testcase classname="backend.tests.test_pwa_wallet_segmentation.TestBrandProdImgFix" name="test_index_html_link_order_after_brand_portal_css" time="0.000" /><testcase classname="backend.tests.test_pwa_wallet_segmentation.TestBrandProdImgFix" name="test_legacy_brand_portal_v1_js_unchanged" time="0.000" /><testcase classname="backend.tests.test_pwa_wallet_segmentation.TestBrandProdImgFix" name="test_zip_contains_brand_prod_img_fix_css" time="0.001" /><testcase classname="backend.tests.test_pwa_wallet_segmentation.TestBrandProdImgFix" name="test_zip_index_html_links_brand_prod_img_fix_css" time="0.001" /><testcase classname="backend.tests.test_pwa_wallet_segmentation.TestBrandProdImgFix" name="test_zip_legacy_brand_portal_v1_js_unchanged" time="0.001" /><testcase classname="backend.tests.test_pwa_wallet_segmentation.TestV60_163Regression" name="test_v60_159_pp_wallet_openwallet_intact" time="0.000" /><testcase classname="backend.tests.test_pwa_wallet_segmentation.TestV60_163Regression" name="test_v60_160_uitg_prod_img_intact" time="0.000" /><testcase classname="backend.tests.test_pwa_wallet_segmentation.TestV60_163Regression" name="test_v60_161_onboarding_wallet_bypass_intact" time="0.000" /><testcase classname="backend.tests.test_pwa_wallet_segmentation.TestV60_163Regression" name="test_v60_162_paint_uitgelicht_live_filter_intact" time="0.000" /><testcase classname="backend.tests.test_pwa_wallet_segmentation.TestV60_163Regression" name="test_only_additive_changes_in_v60_163" time="0.000" /><testcase classname="backend.tests.test_pwa_wallet_segmentation.TestV60_163Download" name="test_download_zip_endpoint_returns_200" time="0.197" /><testcase classname="backend.tests.test_pwa_wallet_segmentation.TestNavContext" name="test_module_file_exists" time="0.000" /><testcase classname="backend.tests.test_pwa_wallet_segmentation.TestNavContext" name="test_version_1_0_0" time="0.000" /><testcase classname="backend.tests.test_pwa_wallet_segmentation.TestNavContext" name="test_iife_idempotent_guard" time="0.000" /><testcase classname="backend.tests.test_pwa_wallet_segmentation.TestNavContext" name="test_public_api_exports" time="0.000" /><testcase classname="backend.tests.test_pwa_wallet_segmentation.TestNavContext" name="test_openMerken_clears_renderLock_and_renders_directly" time="0.000" /><testcase classname="backend.tests.test_pwa_wallet_segmentation.TestNavContext" name="test_openMerken_pushState_pagina_merken" time="0.000" /><testcase classname="backend.tests.test_pwa_wallet_segmentation.TestNavContext" name="test_openMerken_no_feed_fallback" time="0.000" /><testcase classname="backend.tests.test_pwa_wallet_segmentation.TestNavContext" name="test_capture_phase_back_button_delegator" time="0.000" /><testcase classname="backend.tests.test_pwa_wallet_segmentation.TestNavContext" name="test_brandLogoFor_promise_signature" time="0.000" /><testcase classname="backend.tests.test_pwa_wallet_segmentation.TestNavContext" name="test_brandLogoFor_5min_ttl_cache" time="0.000" /><testcase classname="backend.tests.test_pwa_wallet_segmentation.TestNavContext" name="test_brandLogoFor_reads_firestore_brands_logo" time="0.000" /><testcase classname="backend.tests.test_pwa_wallet_segmentation.TestNavContext" name="test_brandLogoFor_caches_failures" time="0.000" /><testcase classname="backend.tests.test_pwa_wallet_segmentation.TestNavContext" name="test_patchUitgelichtCards_extracts_brandId_from_onclick" time="0.000" /><testcase classname="backend.tests.test_pwa_wallet_segmentation.TestNavContext" name="test_injectLogos_replaces_innerHTML_with_img" time="0.000" /><testcase classname="backend.tests.test_pwa_wallet_segmentation.TestNavContext" name="test_resolveBackRoute_brand_detail_returns_merken" time="0.000" /><testcase classname="backend.tests.test_pwa_wallet_segmentation.TestNavContext" name="test_resolveBackRoute_feed_only_as_last_fallback" time="0.000" /><testcase classname="backend.tests.test_pwa_wallet_segmentation.TestNavContext" name="test_init_uses_mutation_observer" time="0.000" /><testcase classname="backend.tests.test_pwa_wallet_segmentation.TestNavContext" name="test_index_html_links_after_route_safety" time="0.000" /><testcase classname="backend.tests.test_pwa_wallet_segmentation.TestNavContext" name="test_index_html_cache_key" time="0.000" /><testcase classname="backend.tests.test_pwa_wallet_segmentation.TestNavContext" name="test_brand_portal_unchanged_back_button" time="0.000" /><testcase classname="backend.tests.test_pwa_wallet_segmentation.TestNavContext" name="test_wallet_v1_8_0_unchanged" time="0.000" /><testcase classname="backend.tests.test_pwa_wallet_segmentation.TestNavContext" name="test_feedtabs_v60_162_unchanged" time="0.000" /><testcase classname="backend.tests.test_pwa_wallet_segmentation.TestNavContext" name="test_only_additive_changes_in_v60_164" time="0.000" /><testcase classname="backend.tests.test_pwa_wallet_segmentation.TestNavContextZip" name="test_zip_contains_nav_context_module" time="0.001" /><testcase classname="backend.tests.test_pwa_wallet_segmentation.TestNavContextZip" name="test_zip_index_html_links_nav_context" time="0.001" /><testcase classname="backend.tests.test_pwa_wallet_segmentation.TestNavContextZip" name="test_zip_sw_has_v60_164_version" time="0.002" /></testsuite></testsuites>