<?xml version="1.0" encoding="utf-8"?><testsuites name="pytest tests"><testsuite name="pytest" errors="0" failures="1" skipped="0" tests="44" time="0.797" timestamp="2026-06-29T10:56:35.866419+00:00" hostname="agent-env-daed3464-0393-4fc4-b608-ea7185407e16"><testcase classname="backend.tests.test_pwa_wallet_segmentation.TestB2BWallet" name="test_b2b_allowed_amounts_constant" time="0.001" /><testcase classname="backend.tests.test_pwa_wallet_segmentation.TestB2BWallet" name="test_b2b_render_uses_allowed_filter" time="0.000" /><testcase classname="backend.tests.test_pwa_wallet_segmentation.TestB2BWallet" name="test_b2b_topup_guard" time="0.000" /><testcase classname="backend.tests.test_pwa_wallet_segmentation.TestB2BWallet" name="test_b2b_route_wrapping_only_for_wallet" time="0.000" /><testcase classname="backend.tests.test_pwa_wallet_segmentation.TestB2BWallet" name="test_b2b_storage_field_only_wallet_balance" time="0.000" /><testcase classname="backend.tests.test_pwa_wallet_segmentation.TestB2BWallet" name="test_b2b_header_eyebrow" time="0.000" /><testcase classname="backend.tests.test_pwa_wallet_segmentation.TestB2BWallet" name="test_b2b_section_title" time="0.000" /><testcase classname="backend.tests.test_pwa_wallet_segmentation.TestB2BWallet" name="test_b2b_shopify_variant_ids" time="0.000" /><testcase classname="backend.tests.test_pwa_wallet_segmentation.TestB2CWallet" name="test_b2c_allowed_amounts_constant" time="0.000" /><testcase classname="backend.tests.test_pwa_wallet_segmentation.TestB2CWallet" name="test_b2c_render_uses_allowed_filter" time="0.000" /><testcase classname="backend.tests.test_pwa_wallet_segmentation.TestB2CWallet" name="test_b2c_topup_guard" time="0.000" /><testcase classname="backend.tests.test_pwa_wallet_segmentation.TestB2CWallet" name="test_b2c_route_wrapping_only_for_b2c_wallet" time="0.000" /><testcase classname="backend.tests.test_pwa_wallet_segmentation.TestB2CWallet" name="test_b2c_storage_field_only_b2c_wallet_balance" time="0.000" /><testcase classname="backend.tests.test_pwa_wallet_segmentation.TestB2CWallet" name="test_b2c_header_eyebrow" time="0.000" /><testcase classname="backend.tests.test_pwa_wallet_segmentation.TestB2CWallet" name="test_b2c_section_title" time="0.000" /><testcase classname="backend.tests.test_pwa_wallet_segmentation.TestB2CWallet" name="test_b2c_shopify_variant_ids" time="0.000" /><testcase classname="backend.tests.test_pwa_wallet_segmentation.TestIsolation" name="test_file_exists" time="0.000" /><testcase classname="backend.tests.test_pwa_wallet_segmentation.TestIsolation" name="test_exports_and_constants" time="0.000" /><testcase classname="backend.tests.test_pwa_wallet_segmentation.TestIsolation" name="test_wraps_three_targets" time="0.000" /><testcase classname="backend.tests.test_pwa_wallet_segmentation.TestRouteSafety" name="test_known_routes_whitelist" time="0.001" /><testcase classname="backend.tests.test_pwa_wallet_segmentation.TestOnboarding" name="test_wallet_step_routes_to_b2b_wallet" time="0.000" /><testcase classname="backend.tests.test_pwa_wallet_segmentation.TestCacheVersion" name="test_index_html_bumped" time="0.001"><failure message="assert 'pp-b2c-wallet-v1.js?v=60.1.155-remove-coming-soon-intercept' in '&lt;!DOCTYPE html&gt;\n&lt;html lang=&quot;nl-NL&quot;&gt;\n&lt;head&gt;\n  &lt;meta http-equiv=&quot;Cache-Control&quot; content=&quot;no-cache, no-store, must-revalidate&quot;&gt;\n  &lt;meta http-equiv=&quot;Pragma&quot; content=&quot;no-cache&quot;&gt;\n  &lt;meta http-equiv=&quot;Expires&quot; content=&quot;0&quot;&gt;\n  &lt;meta charset=&quot;UTF-8&quot;&gt;\n  &lt;!-- ═══════════════════════════════════════════════════════════════\n       Global kill-styles voor legacy floating action buttons.\n       Hier in head zodat het werkt ook als oudere JS-versies nog\n       in de service worker cache zitten (iOS/Android PWA).\n       ═══════════════════════════════════════════════════════════════ --&gt;\n  &lt;style id=&quot;dy-legacy-fab-kill&quot;&gt;\n    #dy-ai-fab,\n    #dy-push-btn,\n    #dy-hub-fab,\n    #dy-hub-items,\n    #dy-hub-backdrop,\n    .dy-ai-fab,\n    .dy-push-fab,\n    .dy-floating-ai,\n    .dy-floating-push {\n      display: none !important;\n      visibility: hidden !important;\n      opacity: 0 !important;\n      pointer-events: none !important;\n      position: absolute !important;\n      left: -9999px !important;\n      top: -9999px !important;\n      width: 0 !important;\n      height: 0 !important;\n      max-width: 0 !important;\n      max-height: 0 !important;\n      transform: scale(0) !im...chMedia(\'(display-mode: standalone)\').matches || navigator.standalone);\n    if (wasInstalled &amp;&amp; !isStandalone) {\n      var lastCheck = null;\n      try { lastCheck = localStorage.getItem(\'dy_pwa_last_check\'); } catch(e) {}\n      var now = Date.now();\n      if (lastCheck &amp;&amp; (now - parseInt(lastCheck)) &gt; 3600000) {\n        setTimeout(function() {\n          // Nogmaals controleren - kan zijn dat display-mode kortstondig fout was\n          var stillNotStandalone = !(window.DY &amp;&amp; typeof window.DY.isAppInstalled === \'function\'\n            ? window.DY.isAppInstalled()\n            : (window.matchMedia(\'(display-mode: standalone)\').matches || navigator.standalone));\n          if (!stillNotStandalone) return;\n          if (window.DY &amp;&amp; typeof DY.trackPWAEvent === \'function\') {\n            DY.trackPWAEvent(\'removed\');\n            try {\n              localStorage.removeItem(\'dy_install_v3\');\n              localStorage.removeItem(\'dy_pwa_geinstalleerd\');\n            } catch(e) {}\n          }\n        }, 5000);\n      }\n    }\n    try { localStorage.setItem(\'dy_pwa_last_check\', Date.now().toString()); } catch(e) {}\n  })();\n  &lt;/script&gt;\n\n&lt;/body&gt;\n&lt;/html&gt;\n'">backend/tests/test_pwa_wallet_segmentation.py:213: in test_index_html_bumped
    assert "pp-b2c-wallet-v1.js?v=60.1.155-remove-coming-soon-intercept" in src
E   assert 'pp-b2c-wallet-v1.js?v=60.1.155-remove-coming-soon-intercept' in '&lt;!DOCTYPE html&gt;\n&lt;html lang="nl-NL"&gt;\n&lt;head&gt;\n  &lt;meta http-equiv="Cache-Control" content="no-cache, no-store, must-revalidate"&gt;\n  &lt;meta http-equiv="Pragma" content="no-cache"&gt;\n  &lt;meta http-equiv="Expires" content="0"&gt;\n  &lt;meta charset="UTF-8"&gt;\n  &lt;!-- ═══════════════════════════════════════════════════════════════\n       Global kill-styles voor legacy floating action buttons.\n       Hier in head zodat het werkt ook als oudere JS-versies nog\n       in de service worker cache zitten (iOS/Android PWA).\n       ═══════════════════════════════════════════════════════════════ --&gt;\n  &lt;style id="dy-legacy-fab-kill"&gt;\n    #dy-ai-fab,\n    #dy-push-btn,\n    #dy-hub-fab,\n    #dy-hub-items,\n    #dy-hub-backdrop,\n    .dy-ai-fab,\n    .dy-push-fab,\n    .dy-floating-ai,\n    .dy-floating-push {\n      display: none !important;\n      visibility: hidden !important;\n      opacity: 0 !important;\n      pointer-events: none !important;\n      position: absolute !important;\n      left: -9999px !important;\n      top: -9999px !important;\n      width: 0 !important;\n      height: 0 !important;\n      max-width: 0 !important;\n      max-height: 0 !important;\n      transform: scale(0) !im...chMedia(\'(display-mode: standalone)\').matches || navigator.standalone);\n    if (wasInstalled &amp;&amp; !isStandalone) {\n      var lastCheck = null;\n      try { lastCheck = localStorage.getItem(\'dy_pwa_last_check\'); } catch(e) {}\n      var now = Date.now();\n      if (lastCheck &amp;&amp; (now - parseInt(lastCheck)) &gt; 3600000) {\n        setTimeout(function() {\n          // Nogmaals controleren - kan zijn dat display-mode kortstondig fout was\n          var stillNotStandalone = !(window.DY &amp;&amp; typeof window.DY.isAppInstalled === \'function\'\n            ? window.DY.isAppInstalled()\n            : (window.matchMedia(\'(display-mode: standalone)\').matches || navigator.standalone));\n          if (!stillNotStandalone) return;\n          if (window.DY &amp;&amp; typeof DY.trackPWAEvent === \'function\') {\n            DY.trackPWAEvent(\'removed\');\n            try {\n              localStorage.removeItem(\'dy_install_v3\');\n              localStorage.removeItem(\'dy_pwa_geinstalleerd\');\n            } catch(e) {}\n          }\n        }, 5000);\n      }\n    }\n    try { localStorage.setItem(\'dy_pwa_last_check\', Date.now().toString()); } catch(e) {}\n  })();\n  &lt;/script&gt;\n\n&lt;/body&gt;\n&lt;/html&gt;\n'</failure></testcase><testcase classname="backend.tests.test_pwa_wallet_segmentation.TestCacheVersion" name="test_sw_version" time="0.000" /><testcase classname="backend.tests.test_pwa_wallet_segmentation.TestDeployZip" name="test_zip_exists_and_size" time="0.000" /><testcase classname="backend.tests.test_pwa_wallet_segmentation.TestDeployZip" name="test_zip_contains_v60_1_155_sw" time="0.001" /><testcase classname="backend.tests.test_pwa_wallet_segmentation.TestDeployZip" name="test_zip_contains_b2b_allowed_amounts" time="0.001" /><testcase classname="backend.tests.test_pwa_wallet_segmentation.TestDeployZip" name="test_zip_contains_b2c_allowed_amounts" time="0.001" /><testcase classname="backend.tests.test_pwa_wallet_segmentation.TestDownloadEndpoint" name="test_download_zip_ok" time="0.312" /><testcase classname="backend.tests.test_pwa_wallet_segmentation.TestDownloadEndpoint" name="test_invalid_filename_returns_400[..hidden.zip]" time="0.052" /><testcase classname="backend.tests.test_pwa_wallet_segmentation.TestDownloadEndpoint" name="test_invalid_filename_returns_400[....zip]" time="0.043" /><testcase classname="backend.tests.test_pwa_wallet_segmentation.TestDownloadEndpoint" name="test_invalid_filename_returns_400[test.exe]" time="0.045" /><testcase classname="backend.tests.test_pwa_wallet_segmentation.TestDownloadEndpoint" name="test_invalid_filename_returns_400[no_extension]" time="0.043" /><testcase classname="backend.tests.test_pwa_wallet_segmentation.TestDownloadEndpoint" name="test_path_traversal_blocked[../etc/passwd]" time="0.050" /><testcase classname="backend.tests.test_pwa_wallet_segmentation.TestDownloadEndpoint" name="test_path_traversal_blocked[./../server.py]" time="0.048" /><testcase classname="backend.tests.test_pwa_wallet_segmentation.TestDownloadEndpoint" name="test_path_traversal_blocked[foo/bar.zip]" time="0.046" /><testcase classname="backend.tests.test_pwa_wallet_segmentation.TestComingSoonInterceptRemoved" name="test_b2b_topup_has_no_coming_soon_call" time="0.000" /><testcase classname="backend.tests.test_pwa_wallet_segmentation.TestComingSoonInterceptRemoved" name="test_b2c_topup_has_no_coming_soon_call" time="0.000" /><testcase classname="backend.tests.test_pwa_wallet_segmentation.TestComingSoonInterceptRemoved" name="test_b2b_version_bumped_to_1_4_0" time="0.000" /><testcase classname="backend.tests.test_pwa_wallet_segmentation.TestComingSoonInterceptRemoved" name="test_b2c_version_bumped_to_1_2_0" time="0.000" /><testcase classname="backend.tests.test_pwa_wallet_segmentation.TestComingSoonInterceptRemoved" name="test_b2b_topup_routes_directly_to_shopify" time="0.000" /><testcase classname="backend.tests.test_pwa_wallet_segmentation.TestComingSoonInterceptRemoved" name="test_b2c_topup_routes_directly_to_shopify_with_b2c_prefix" time="0.000" /><testcase classname="backend.tests.test_pwa_wallet_segmentation.TestComingSoonInterceptRemoved" name="test_only_three_allowed_callers_of_coming_soon_show" time="0.020" /><testcase classname="backend.tests.test_pwa_wallet_segmentation.TestComingSoonInterceptRemoved" name="test_zip_b2b_wallet_has_no_intercept" time="0.001" /><testcase classname="backend.tests.test_pwa_wallet_segmentation.TestComingSoonInterceptRemoved" name="test_zip_b2c_wallet_has_no_intercept" time="0.002" /></testsuite></testsuites>