<?xml version="1.0" encoding="utf-8"?><testsuites name="pytest tests"><testsuite name="pytest" errors="0" failures="0" skipped="0" tests="8" time="1.366" timestamp="2026-06-11T21:17:37.722256+00:00" hostname="agent-env-daed3464-0393-4fc4-b608-ea7185407e16"><testcase classname="test_backend_audit.TestHealth" name="test_root_hello_world" time="0.269" /><testcase classname="test_backend_audit.TestStatus" name="test_get_status_returns_list" time="0.151" /><testcase classname="test_backend_audit.TestStatus" name="test_post_status_creates_record" time="0.302" /><testcase classname="test_backend_audit.TestAdminGenerateImageAuth" name="test_no_admin_secret_returns_403" time="0.127" /><testcase classname="test_backend_audit.TestAdminGenerateImageAuth" name="test_wrong_admin_secret_returns_403" time="0.136" /><testcase classname="test_backend_audit.TestCORS" name="test_preflight_from_foreign_origin" time="0.068" /><testcase classname="test_backend_audit.TestCORS" name="test_credentials_not_true_when_wildcard" time="0.068" /><testcase classname="test_backend_audit.TestCORS" name="test_actual_post_with_origin_returns_cors_headers" time="0.136" /></testsuite></testsuites>