<?xml version="1.0" encoding="utf-8"?><testsuites name="pytest tests"><testsuite name="pytest" errors="0" failures="0" skipped="0" tests="35" time="0.645" timestamp="2026-06-29T10:32:53.826457+00:00" hostname="agent-env-daed3464-0393-4fc4-b608-ea7185407e16"><testcase classname="backend.tests.test_pwa_wallet_segmentation.TestB2BWallet" name="test_b2b_allowed_amounts_constant" time="0.001" /><testcase classname="backend.tests.test_pwa_wallet_segmentation.TestB2BWallet" name="test_b2b_render_uses_allowed_filter" time="0.000" /><testcase classname="backend.tests.test_pwa_wallet_segmentation.TestB2BWallet" name="test_b2b_topup_guard" time="0.000" /><testcase classname="backend.tests.test_pwa_wallet_segmentation.TestB2BWallet" name="test_b2b_route_wrapping_only_for_wallet" time="0.000" /><testcase classname="backend.tests.test_pwa_wallet_segmentation.TestB2BWallet" name="test_b2b_storage_field_only_wallet_balance" time="0.000" /><testcase classname="backend.tests.test_pwa_wallet_segmentation.TestB2BWallet" name="test_b2b_header_eyebrow" time="0.000" /><testcase classname="backend.tests.test_pwa_wallet_segmentation.TestB2BWallet" name="test_b2b_section_title" time="0.000" /><testcase classname="backend.tests.test_pwa_wallet_segmentation.TestB2BWallet" name="test_b2b_shopify_variant_ids" time="0.000" /><testcase classname="backend.tests.test_pwa_wallet_segmentation.TestB2CWallet" name="test_b2c_allowed_amounts_constant" time="0.000" /><testcase classname="backend.tests.test_pwa_wallet_segmentation.TestB2CWallet" name="test_b2c_render_uses_allowed_filter" time="0.000" /><testcase classname="backend.tests.test_pwa_wallet_segmentation.TestB2CWallet" name="test_b2c_topup_guard" time="0.000" /><testcase classname="backend.tests.test_pwa_wallet_segmentation.TestB2CWallet" name="test_b2c_route_wrapping_only_for_b2c_wallet" time="0.000" /><testcase classname="backend.tests.test_pwa_wallet_segmentation.TestB2CWallet" name="test_b2c_storage_field_only_b2c_wallet_balance" time="0.000" /><testcase classname="backend.tests.test_pwa_wallet_segmentation.TestB2CWallet" name="test_b2c_header_eyebrow" time="0.000" /><testcase classname="backend.tests.test_pwa_wallet_segmentation.TestB2CWallet" name="test_b2c_section_title" time="0.000" /><testcase classname="backend.tests.test_pwa_wallet_segmentation.TestB2CWallet" name="test_b2c_shopify_variant_ids" time="0.000" /><testcase classname="backend.tests.test_pwa_wallet_segmentation.TestIsolation" name="test_file_exists" time="0.000" /><testcase classname="backend.tests.test_pwa_wallet_segmentation.TestIsolation" name="test_exports_and_constants" time="0.000" /><testcase classname="backend.tests.test_pwa_wallet_segmentation.TestIsolation" name="test_wraps_three_targets" time="0.000" /><testcase classname="backend.tests.test_pwa_wallet_segmentation.TestRouteSafety" name="test_known_routes_whitelist" time="0.001" /><testcase classname="backend.tests.test_pwa_wallet_segmentation.TestOnboarding" name="test_wallet_step_routes_to_b2b_wallet" time="0.000" /><testcase classname="backend.tests.test_pwa_wallet_segmentation.TestCacheVersion" name="test_index_html_bumped" time="0.000" /><testcase classname="backend.tests.test_pwa_wallet_segmentation.TestCacheVersion" name="test_sw_version" time="0.000" /><testcase classname="backend.tests.test_pwa_wallet_segmentation.TestDeployZip" name="test_zip_exists_and_size" time="0.000" /><testcase classname="backend.tests.test_pwa_wallet_segmentation.TestDeployZip" name="test_zip_contains_v60_1_154_sw" time="0.002" /><testcase classname="backend.tests.test_pwa_wallet_segmentation.TestDeployZip" name="test_zip_contains_b2b_allowed_amounts" time="0.001" /><testcase classname="backend.tests.test_pwa_wallet_segmentation.TestDeployZip" name="test_zip_contains_b2c_allowed_amounts" time="0.001" /><testcase classname="backend.tests.test_pwa_wallet_segmentation.TestDownloadEndpoint" name="test_download_zip_ok" time="0.207" /><testcase classname="backend.tests.test_pwa_wallet_segmentation.TestDownloadEndpoint" name="test_invalid_filename_returns_400[..hidden.zip]" time="0.047" /><testcase classname="backend.tests.test_pwa_wallet_segmentation.TestDownloadEndpoint" name="test_invalid_filename_returns_400[....zip]" time="0.045" /><testcase classname="backend.tests.test_pwa_wallet_segmentation.TestDownloadEndpoint" name="test_invalid_filename_returns_400[test.exe]" time="0.052" /><testcase classname="backend.tests.test_pwa_wallet_segmentation.TestDownloadEndpoint" name="test_invalid_filename_returns_400[no_extension]" time="0.047" /><testcase classname="backend.tests.test_pwa_wallet_segmentation.TestDownloadEndpoint" name="test_path_traversal_blocked[../etc/passwd]" time="0.049" /><testcase classname="backend.tests.test_pwa_wallet_segmentation.TestDownloadEndpoint" name="test_path_traversal_blocked[./../server.py]" time="0.046" /><testcase classname="backend.tests.test_pwa_wallet_segmentation.TestDownloadEndpoint" name="test_path_traversal_blocked[foo/bar.zip]" time="0.047" /></testsuite></testsuites>